2019-04-29 23:42:15,410 DEBUG j.d.c.p.e.SimplePoiReport [main] ### START SimplePoiReport ###
2019-04-29 23:42:15,516 DEBUG j.d.c.p.e.SimplePoiReport [restartedMain] ### START SimplePoiReport ###
2019-04-29 23:42:15,945 INFO j.d.c.p.e.SimplePoiReport [restartedMain] Starting SimplePoiReport on DESKTOP-S7E5EAQ with PID 16180 (C:\Users\t-tak\IdeaProjects\excelrepots\build\classes\java\main started by t-tak in C:\Users\t-tak\IdeaProjects\excelrepots)
2019-04-29 23:42:15,946 DEBUG j.d.c.p.e.SimplePoiReport [restartedMain] Running with Spring Boot v2.1.4.RELEASE, Spring v5.1.6.RELEASE
2019-04-29 23:42:15,947 INFO j.d.c.p.e.SimplePoiReport [restartedMain] No active profile set, falling back to default profiles: default
2019-04-29 23:42:16,697 WARN o.s.b.c.c.a.DefaultBatchConfigurer [restartedMain] No datasource was provided...using a Map based JobRepository
2019-04-29 23:42:16,697 WARN o.s.b.c.c.a.DefaultBatchConfigurer [restartedMain] No transaction manager was provided, using a ResourcelessTransactionManager
2019-04-29 23:42:17,009 INFO j.d.c.p.e.SimplePoiReport [restartedMain] Started SimplePoiReport in 1.478 seconds (JVM running for 2.688)
2019-04-29 23:42:17,101 DEBUG j.d.c.p.e.t.CreateSXSSFWorkbookReportJobTasklet [restartedMain] #### START CreateSXSSFWorkbookReportJobTasklet ####
2019-04-29 23:42:17,113 DEBUG j.d.c.p.e.t.CreateSXSSFWorkbookReportJobTasklet [restartedMain] #### template file = template\template.xlsm
2019-04-29 23:42:18,413 DEBUG j.d.c.p.e.t.CreateSXSSFWorkbookReportJobTasklet [restartedMain] #### SXSSFWorkbook = org.apache.poi.xssf.streaming.SXSSFWorkbook@7cdcc700
2019-04-29 23:42:18,414 DEBUG j.d.c.p.e.t.CreateSXSSFWorkbookReportJobTasklet [restartedMain] #### getLastRowNum : 0
2019-04-29 23:42:19,795 DEBUG j.d.c.p.e.t.CreateSXSSFWorkbookReportJobTasklet [restartedMain] #### write wookbook start
2019-04-29 23:42:21,170 DEBUG j.d.c.p.e.t.CreateSXSSFWorkbookReportJobTasklet [restartedMain] #### write wookbook end   = result\sxssf.xlsm
2019-04-29 23:42:21,202 DEBUG j.d.c.p.e.t.CreateSXSSFWorkbookReportJobTasklet [restartedMain] #### END   CreateSXSSFWorkbookReportJobTasklet ####
2019-04-29 23:42:21,213 INFO j.d.c.p.e.l.JobListener [restartedMain] StopWatch 'idExcelReports': running time (millis) = 4141
-----------------------------------------
ms     %     Task name
-----------------------------------------
04141  100%  

2019-04-29 23:44:22,134 DEBUG j.d.c.p.e.SimplePoiReport [main] ### START SimplePoiReport ###
2019-04-29 23:44:22,235 DEBUG j.d.c.p.e.SimplePoiReport [restartedMain] ### START SimplePoiReport ###
2019-04-29 23:44:22,634 INFO j.d.c.p.e.SimplePoiReport [restartedMain] Starting SimplePoiReport on DESKTOP-S7E5EAQ with PID 18556 (C:\Users\t-tak\IdeaProjects\excelrepots\build\classes\java\main started by t-tak in C:\Users\t-tak\IdeaProjects\excelrepots)
2019-04-29 23:44:22,635 DEBUG j.d.c.p.e.SimplePoiReport [restartedMain] Running with Spring Boot v2.1.4.RELEASE, Spring v5.1.6.RELEASE
2019-04-29 23:44:22,635 INFO j.d.c.p.e.SimplePoiReport [restartedMain] No active profile set, falling back to default profiles: default
2019-04-29 23:44:23,422 WARN o.s.b.c.c.a.DefaultBatchConfigurer [restartedMain] No datasource was provided...using a Map based JobRepository
2019-04-29 23:44:23,423 WARN o.s.b.c.c.a.DefaultBatchConfigurer [restartedMain] No transaction manager was provided, using a ResourcelessTransactionManager
2019-04-29 23:44:23,759 INFO j.d.c.p.e.SimplePoiReport [restartedMain] Started SimplePoiReport in 1.512 seconds (JVM running for 2.725)
2019-04-29 23:44:23,850 DEBUG j.d.c.p.e.t.CreateSXSSFWorkbookReportJobTasklet [restartedMain] #### START CreateSXSSFWorkbookReportJobTasklet ####
2019-04-29 23:44:23,851 DEBUG j.d.c.p.e.t.CreateSXSSFWorkbookReportJobTasklet [restartedMain] #### template file = template\template.xlsm
2019-04-29 23:44:25,048 DEBUG j.d.c.p.e.t.CreateSXSSFWorkbookReportJobTasklet [restartedMain] #### SXSSFWorkbook = org.apache.poi.xssf.streaming.SXSSFWorkbook@46d6ba96
2019-04-29 23:44:25,048 DEBUG j.d.c.p.e.t.CreateSXSSFWorkbookReportJobTasklet [restartedMain] #### getLastRowNum : 0
2019-04-29 23:44:26,449 DEBUG j.d.c.p.e.t.CreateSXSSFWorkbookReportJobTasklet [restartedMain] #### write wookbook start
2019-04-29 23:44:27,691 DEBUG j.d.c.p.e.t.CreateSXSSFWorkbookReportJobTasklet [restartedMain] #### write wookbook end   = result\sxssf.xlsm
2019-04-29 23:44:27,724 DEBUG j.d.c.p.e.t.CreateSXSSFWorkbookReportJobTasklet [restartedMain] #### END   CreateSXSSFWorkbookReportJobTasklet ####
2019-04-29 23:44:27,730 INFO j.d.c.p.e.l.JobListener [restartedMain] StopWatch 'idExcelReports': running time (millis) = 3908
-----------------------------------------
ms     %     Task name
-----------------------------------------
03908  100%  

2019-04-29 23:46:27,703 DEBUG j.d.c.p.e.SimplePoiReport [main] ### START SimplePoiReport ###
2019-04-29 23:46:27,846 DEBUG j.d.c.p.e.SimplePoiReport [restartedMain] ### START SimplePoiReport ###
2019-04-29 23:46:28,270 INFO j.d.c.p.e.SimplePoiReport [restartedMain] Starting SimplePoiReport on DESKTOP-S7E5EAQ with PID 1560 (C:\Users\t-tak\IdeaProjects\excelrepots\build\classes\java\main started by t-tak in C:\Users\t-tak\IdeaProjects\excelrepots)
2019-04-29 23:46:28,271 DEBUG j.d.c.p.e.SimplePoiReport [restartedMain] Running with Spring Boot v2.1.4.RELEASE, Spring v5.1.6.RELEASE
2019-04-29 23:46:28,272 INFO j.d.c.p.e.SimplePoiReport [restartedMain] No active profile set, falling back to default profiles: default
2019-04-29 23:46:29,023 WARN o.s.b.c.c.a.DefaultBatchConfigurer [restartedMain] No datasource was provided...using a Map based JobRepository
2019-04-29 23:46:29,023 WARN o.s.b.c.c.a.DefaultBatchConfigurer [restartedMain] No transaction manager was provided, using a ResourcelessTransactionManager
2019-04-29 23:46:29,391 INFO j.d.c.p.e.SimplePoiReport [restartedMain] Started SimplePoiReport in 1.531 seconds (JVM running for 2.764)
2019-04-29 23:46:29,508 DEBUG j.d.c.p.e.t.CreateSXSSFWorkbookReportJobTasklet [restartedMain] #### START CreateSXSSFWorkbookReportJobTasklet ####
2019-04-29 23:46:29,509 DEBUG j.d.c.p.e.t.CreateSXSSFWorkbookReportJobTasklet [restartedMain] #### template file = template\template.xlsm
2019-04-29 23:46:30,596 DEBUG j.d.c.p.e.t.CreateSXSSFWorkbookReportJobTasklet [restartedMain] #### SXSSFWorkbook = org.apache.poi.xssf.streaming.SXSSFWorkbook@8dae7da
2019-04-29 23:46:30,597 DEBUG j.d.c.p.e.t.CreateSXSSFWorkbookReportJobTasklet [restartedMain] #### getLastRowNum : 0
2019-04-29 23:46:32,044 DEBUG j.d.c.p.e.t.CreateSXSSFWorkbookReportJobTasklet [restartedMain] #### write wookbook start
2019-04-29 23:46:33,306 DEBUG j.d.c.p.e.t.CreateSXSSFWorkbookReportJobTasklet [restartedMain] #### write wookbook end   = result\sxssf.xlsm
2019-04-29 23:46:33,338 DEBUG j.d.c.p.e.t.CreateSXSSFWorkbookReportJobTasklet [restartedMain] #### END   CreateSXSSFWorkbookReportJobTasklet ####
2019-04-29 23:46:33,343 INFO j.d.c.p.e.l.JobListener [restartedMain] StopWatch 'idExcelReports': running time (millis) = 3881
-----------------------------------------
ms     %     Task name
-----------------------------------------
03881  100%  

2019-04-29 23:47:19,449 DEBUG j.d.c.p.e.SimplePoiReport [main] ### START SimplePoiReport ###
2019-04-29 23:47:19,588 DEBUG j.d.c.p.e.SimplePoiReport [restartedMain] ### START SimplePoiReport ###
2019-04-29 23:47:19,993 INFO j.d.c.p.e.SimplePoiReport [restartedMain] Starting SimplePoiReport on DESKTOP-S7E5EAQ with PID 15844 (C:\Users\t-tak\IdeaProjects\excelrepots\build\classes\java\main started by t-tak in C:\Users\t-tak\IdeaProjects\excelrepots)
2019-04-29 23:47:19,994 DEBUG j.d.c.p.e.SimplePoiReport [restartedMain] Running with Spring Boot v2.1.4.RELEASE, Spring v5.1.6.RELEASE
2019-04-29 23:47:19,995 INFO j.d.c.p.e.SimplePoiReport [restartedMain] No active profile set, falling back to default profiles: default
2019-04-29 23:47:20,718 WARN o.s.b.c.c.a.DefaultBatchConfigurer [restartedMain] No datasource was provided...using a Map based JobRepository
2019-04-29 23:47:20,718 WARN o.s.b.c.c.a.DefaultBatchConfigurer [restartedMain] No transaction manager was provided, using a ResourcelessTransactionManager
2019-04-29 23:47:20,979 INFO j.d.c.p.e.SimplePoiReport [restartedMain] Started SimplePoiReport in 1.376 seconds (JVM running for 2.668)
2019-04-29 23:47:21,064 DEBUG j.d.c.p.e.t.CreateSXSSFWorkbookReportJobTasklet [restartedMain] #### START CreateSXSSFWorkbookReportJobTasklet ####
2019-04-29 23:47:21,065 DEBUG j.d.c.p.e.t.CreateSXSSFWorkbookReportJobTasklet [restartedMain] #### template file = template\template.xlsm
2019-04-29 23:47:22,509 DEBUG j.d.c.p.e.t.CreateSXSSFWorkbookReportJobTasklet [restartedMain] #### SXSSFWorkbook = org.apache.poi.xssf.streaming.SXSSFWorkbook@1fbdec8e
2019-04-29 23:47:22,510 DEBUG j.d.c.p.e.t.CreateSXSSFWorkbookReportJobTasklet [restartedMain] #### getLastRowNum : 0
2019-04-29 23:47:23,877 DEBUG j.d.c.p.e.t.CreateSXSSFWorkbookReportJobTasklet [restartedMain] #### write wookbook start
2019-04-29 23:47:25,101 DEBUG j.d.c.p.e.t.CreateSXSSFWorkbookReportJobTasklet [restartedMain] #### write wookbook end   = result\sxssf.xlsm
2019-04-29 23:47:25,131 DEBUG j.d.c.p.e.t.CreateSXSSFWorkbookReportJobTasklet [restartedMain] #### END   CreateSXSSFWorkbookReportJobTasklet ####
2019-04-29 23:47:25,136 INFO j.d.c.p.e.l.JobListener [restartedMain] StopWatch 'idExcelReports': running time (millis) = 4096
-----------------------------------------
ms     %     Task name
-----------------------------------------
04096  100%  

2019-04-29 23:48:34,885 DEBUG j.d.c.p.e.SimplePoiReport [main] ### START SimplePoiReport ###
2019-04-29 23:48:34,994 DEBUG j.d.c.p.e.SimplePoiReport [restartedMain] ### START SimplePoiReport ###
2019-04-29 23:48:35,428 INFO j.d.c.p.e.SimplePoiReport [restartedMain] Starting SimplePoiReport on DESKTOP-S7E5EAQ with PID 17792 (C:\Users\t-tak\IdeaProjects\excelrepots\build\classes\java\main started by t-tak in C:\Users\t-tak\IdeaProjects\excelrepots)
2019-04-29 23:48:35,428 DEBUG j.d.c.p.e.SimplePoiReport [restartedMain] Running with Spring Boot v2.1.4.RELEASE, Spring v5.1.6.RELEASE
2019-04-29 23:48:35,429 INFO j.d.c.p.e.SimplePoiReport [restartedMain] No active profile set, falling back to default profiles: default
2019-04-29 23:48:36,175 WARN o.s.b.c.c.a.DefaultBatchConfigurer [restartedMain] No datasource was provided...using a Map based JobRepository
2019-04-29 23:48:36,175 WARN o.s.b.c.c.a.DefaultBatchConfigurer [restartedMain] No transaction manager was provided, using a ResourcelessTransactionManager
2019-04-29 23:48:36,440 INFO j.d.c.p.e.SimplePoiReport [restartedMain] Started SimplePoiReport in 1.43 seconds (JVM running for 2.628)
2019-04-29 23:48:36,518 DEBUG j.d.c.p.e.t.CreateSXSSFWorkbookReportJobTasklet [restartedMain] #### START CreateSXSSFWorkbookReportJobTasklet ####
2019-04-29 23:48:36,518 DEBUG j.d.c.p.e.t.CreateSXSSFWorkbookReportJobTasklet [restartedMain] #### template file = template\template.xlsm
2019-04-29 23:48:37,761 DEBUG j.d.c.p.e.t.CreateSXSSFWorkbookReportJobTasklet [restartedMain] #### SXSSFWorkbook = org.apache.poi.xssf.streaming.SXSSFWorkbook@35693df5
2019-04-29 23:48:37,761 DEBUG j.d.c.p.e.t.CreateSXSSFWorkbookReportJobTasklet [restartedMain] #### getLastRowNum : 0
2019-04-29 23:48:39,213 DEBUG j.d.c.p.e.t.CreateSXSSFWorkbookReportJobTasklet [restartedMain] #### write wookbook start
2019-04-29 23:48:40,454 DEBUG j.d.c.p.e.t.CreateSXSSFWorkbookReportJobTasklet [restartedMain] #### write wookbook end   = result\sxssf.xlsm
2019-04-29 23:48:40,485 DEBUG j.d.c.p.e.t.CreateSXSSFWorkbookReportJobTasklet [restartedMain] #### END   CreateSXSSFWorkbookReportJobTasklet ####
2019-04-29 23:48:40,491 INFO j.d.c.p.e.l.JobListener [restartedMain] StopWatch 'idExcelReports': running time (millis) = 3991
-----------------------------------------
ms     %     Task name
-----------------------------------------
03991  100%  

2019-04-29 23:51:08,241 DEBUG j.d.c.p.e.SimplePoiReport [main] ### START SimplePoiReport ###
2019-04-29 23:51:08,345 DEBUG j.d.c.p.e.SimplePoiReport [restartedMain] ### START SimplePoiReport ###
2019-04-29 23:51:08,747 INFO j.d.c.p.e.SimplePoiReport [restartedMain] Starting SimplePoiReport on DESKTOP-S7E5EAQ with PID 6560 (C:\Users\t-tak\IdeaProjects\excelrepots\build\classes\java\main started by t-tak in C:\Users\t-tak\IdeaProjects\excelrepots)
2019-04-29 23:51:08,749 DEBUG j.d.c.p.e.SimplePoiReport [restartedMain] Running with Spring Boot v2.1.4.RELEASE, Spring v5.1.6.RELEASE
2019-04-29 23:51:08,749 INFO j.d.c.p.e.SimplePoiReport [restartedMain] No active profile set, falling back to default profiles: default
2019-04-29 23:51:09,556 WARN o.s.b.c.c.a.DefaultBatchConfigurer [restartedMain] No datasource was provided...using a Map based JobRepository
2019-04-29 23:51:09,557 WARN o.s.b.c.c.a.DefaultBatchConfigurer [restartedMain] No transaction manager was provided, using a ResourcelessTransactionManager
2019-04-29 23:51:09,891 INFO j.d.c.p.e.SimplePoiReport [restartedMain] Started SimplePoiReport in 1.53 seconds (JVM running for 2.756)
2019-04-29 23:51:09,981 DEBUG j.d.c.p.e.t.CreateSXSSFWorkbookReportJobTasklet [restartedMain] #### START CreateSXSSFWorkbookReportJobTasklet ####
2019-04-29 23:51:09,982 DEBUG j.d.c.p.e.t.CreateSXSSFWorkbookReportJobTasklet [restartedMain] #### template file = template\template.xlsm
2019-04-29 23:51:11,127 DEBUG j.d.c.p.e.t.CreateSXSSFWorkbookReportJobTasklet [restartedMain] #### SXSSFWorkbook = org.apache.poi.xssf.streaming.SXSSFWorkbook@5dac690e
2019-04-29 23:51:11,128 DEBUG j.d.c.p.e.t.CreateSXSSFWorkbookReportJobTasklet [restartedMain] #### getLastRowNum : 0
2019-04-29 23:51:13,696 DEBUG j.d.c.p.e.t.CreateSXSSFWorkbookReportJobTasklet [restartedMain] #### write wookbook start
2019-04-29 23:51:16,028 DEBUG j.d.c.p.e.t.CreateSXSSFWorkbookReportJobTasklet [restartedMain] #### write wookbook end   = result\sxssf.xlsm
2019-04-29 23:51:16,066 DEBUG j.d.c.p.e.t.CreateSXSSFWorkbookReportJobTasklet [restartedMain] #### END   CreateSXSSFWorkbookReportJobTasklet ####
2019-04-29 23:51:16,072 INFO j.d.c.p.e.l.JobListener [restartedMain] StopWatch 'idExcelReports': running time (millis) = 6115
-----------------------------------------
ms     %     Task name
-----------------------------------------
06115  100%  

2019-04-29 23:53:56,501 DEBUG j.d.c.p.e.SimplePoiReport [main] ### START SimplePoiReport ###
2019-04-29 23:53:56,611 DEBUG j.d.c.p.e.SimplePoiReport [restartedMain] ### START SimplePoiReport ###
2019-04-29 23:53:57,057 INFO j.d.c.p.e.SimplePoiReport [restartedMain] Starting SimplePoiReport on DESKTOP-S7E5EAQ with PID 3408 (C:\Users\t-tak\IdeaProjects\excelrepots\build\classes\java\main started by t-tak in C:\Users\t-tak\IdeaProjects\excelrepots)
2019-04-29 23:53:57,058 DEBUG j.d.c.p.e.SimplePoiReport [restartedMain] Running with Spring Boot v2.1.4.RELEASE, Spring v5.1.6.RELEASE
2019-04-29 23:53:57,059 INFO j.d.c.p.e.SimplePoiReport [restartedMain] No active profile set, falling back to default profiles: default
2019-04-29 23:53:57,832 WARN o.s.b.c.c.a.DefaultBatchConfigurer [restartedMain] No datasource was provided...using a Map based JobRepository
2019-04-29 23:53:57,832 WARN o.s.b.c.c.a.DefaultBatchConfigurer [restartedMain] No transaction manager was provided, using a ResourcelessTransactionManager
2019-04-29 23:53:58,101 INFO j.d.c.p.e.SimplePoiReport [restartedMain] Started SimplePoiReport in 1.471 seconds (JVM running for 2.807)
2019-04-29 23:53:58,189 DEBUG j.d.c.p.e.t.CreateSXSSFWorkbookReportJobTasklet [restartedMain] #### START CreateSXSSFWorkbookReportJobTasklet ####
2019-04-29 23:53:58,190 DEBUG j.d.c.p.e.t.CreateSXSSFWorkbookReportJobTasklet [restartedMain] #### template file = template\template.xlsm
2019-04-29 23:53:59,308 DEBUG j.d.c.p.e.t.CreateSXSSFWorkbookReportJobTasklet [restartedMain] #### SXSSFWorkbook = org.apache.poi.xssf.streaming.SXSSFWorkbook@2fef465
2019-04-29 23:53:59,309 DEBUG j.d.c.p.e.t.CreateSXSSFWorkbookReportJobTasklet [restartedMain] #### getLastRowNum : 0
2019-04-29 23:54:01,922 DEBUG j.d.c.p.e.t.CreateSXSSFWorkbookReportJobTasklet [restartedMain] #### write wookbook start
2019-04-29 23:54:04,198 DEBUG j.d.c.p.e.t.CreateSXSSFWorkbookReportJobTasklet [restartedMain] #### write wookbook end   = result\sxssf.xlsm
2019-04-29 23:54:04,234 DEBUG j.d.c.p.e.t.CreateSXSSFWorkbookReportJobTasklet [restartedMain] #### END   CreateSXSSFWorkbookReportJobTasklet ####
2019-04-29 23:54:04,240 INFO j.d.c.p.e.l.JobListener [restartedMain] StopWatch 'idExcelReports': running time (millis) = 6077
-----------------------------------------
ms     %     Task name
-----------------------------------------
06077  100%  

2019-04-29 23:54:39,332 DEBUG j.d.c.p.e.SimplePoiReport [main] ### START SimplePoiReport ###
2019-04-29 23:54:39,448 DEBUG j.d.c.p.e.SimplePoiReport [restartedMain] ### START SimplePoiReport ###
2019-04-29 23:54:39,850 INFO j.d.c.p.e.SimplePoiReport [restartedMain] Starting SimplePoiReport on DESKTOP-S7E5EAQ with PID 17428 (C:\Users\t-tak\IdeaProjects\excelrepots\build\classes\java\main started by t-tak in C:\Users\t-tak\IdeaProjects\excelrepots)
2019-04-29 23:54:39,851 DEBUG j.d.c.p.e.SimplePoiReport [restartedMain] Running with Spring Boot v2.1.4.RELEASE, Spring v5.1.6.RELEASE
2019-04-29 23:54:39,852 INFO j.d.c.p.e.SimplePoiReport [restartedMain] No active profile set, falling back to default profiles: default
2019-04-29 23:54:40,703 WARN o.s.b.c.c.a.DefaultBatchConfigurer [restartedMain] No datasource was provided...using a Map based JobRepository
2019-04-29 23:54:40,703 WARN o.s.b.c.c.a.DefaultBatchConfigurer [restartedMain] No transaction manager was provided, using a ResourcelessTransactionManager
2019-04-29 23:54:41,051 INFO j.d.c.p.e.SimplePoiReport [restartedMain] Started SimplePoiReport in 1.589 seconds (JVM running for 2.869)
2019-04-29 23:54:41,136 DEBUG j.d.c.p.e.t.CreateSXSSFWorkbookReportJobTasklet [restartedMain] #### START CreateSXSSFWorkbookReportJobTasklet ####
2019-04-29 23:54:41,137 DEBUG j.d.c.p.e.t.CreateSXSSFWorkbookReportJobTasklet [restartedMain] #### template file = template\template.xlsm
2019-04-29 23:54:42,262 DEBUG j.d.c.p.e.t.CreateSXSSFWorkbookReportJobTasklet [restartedMain] #### SXSSFWorkbook = org.apache.poi.xssf.streaming.SXSSFWorkbook@14f6684a
2019-04-29 23:54:42,263 DEBUG j.d.c.p.e.t.CreateSXSSFWorkbookReportJobTasklet [restartedMain] #### getLastRowNum : 0
2019-04-29 23:54:44,891 DEBUG j.d.c.p.e.t.CreateSXSSFWorkbookReportJobTasklet [restartedMain] #### write wookbook start
2019-04-29 23:54:47,198 DEBUG j.d.c.p.e.t.CreateSXSSFWorkbookReportJobTasklet [restartedMain] #### write wookbook end   = result\sxssf.xlsm
2019-04-29 23:54:47,234 DEBUG j.d.c.p.e.t.CreateSXSSFWorkbookReportJobTasklet [restartedMain] #### END   CreateSXSSFWorkbookReportJobTasklet ####
2019-04-29 23:54:47,242 INFO j.d.c.p.e.l.JobListener [restartedMain] StopWatch 'idExcelReports': running time (millis) = 6141
-----------------------------------------
ms     %     Task name
-----------------------------------------
06141  100%  

2019-04-29 23:56:12,055 DEBUG j.d.c.p.e.SimplePoiReport [main] ### START SimplePoiReport ###
2019-04-29 23:56:12,164 DEBUG j.d.c.p.e.SimplePoiReport [restartedMain] ### START SimplePoiReport ###
2019-04-29 23:56:12,571 INFO j.d.c.p.e.SimplePoiReport [restartedMain] Starting SimplePoiReport on DESKTOP-S7E5EAQ with PID 17268 (C:\Users\t-tak\IdeaProjects\excelrepots\build\classes\java\main started by t-tak in C:\Users\t-tak\IdeaProjects\excelrepots)
2019-04-29 23:56:12,572 DEBUG j.d.c.p.e.SimplePoiReport [restartedMain] Running with Spring Boot v2.1.4.RELEASE, Spring v5.1.6.RELEASE
2019-04-29 23:56:12,573 INFO j.d.c.p.e.SimplePoiReport [restartedMain] No active profile set, falling back to default profiles: default
2019-04-29 23:56:13,318 WARN o.s.b.c.c.a.DefaultBatchConfigurer [restartedMain] No datasource was provided...using a Map based JobRepository
2019-04-29 23:56:13,318 WARN o.s.b.c.c.a.DefaultBatchConfigurer [restartedMain] No transaction manager was provided, using a ResourcelessTransactionManager
2019-04-29 23:56:13,663 INFO j.d.c.p.e.SimplePoiReport [restartedMain] Started SimplePoiReport in 1.485 seconds (JVM running for 2.765)
2019-04-29 23:56:13,755 DEBUG j.d.c.p.e.t.CreateSXSSFWorkbookReportJobTasklet [restartedMain] #### START CreateSXSSFWorkbookReportJobTasklet ####
2019-04-29 23:56:13,756 DEBUG j.d.c.p.e.t.CreateSXSSFWorkbookReportJobTasklet [restartedMain] #### template file = template\template.xlsm
2019-04-29 23:56:14,965 DEBUG j.d.c.p.e.t.CreateSXSSFWorkbookReportJobTasklet [restartedMain] #### SXSSFWorkbook = org.apache.poi.xssf.streaming.SXSSFWorkbook@76369b3
2019-04-29 23:56:14,965 DEBUG j.d.c.p.e.t.CreateSXSSFWorkbookReportJobTasklet [restartedMain] #### getLastRowNum : 0
2019-04-29 23:56:17,519 DEBUG j.d.c.p.e.t.CreateSXSSFWorkbookReportJobTasklet [restartedMain] #### write wookbook start
2019-04-29 23:56:19,765 DEBUG j.d.c.p.e.t.CreateSXSSFWorkbookReportJobTasklet [restartedMain] #### write wookbook end   = result\sxssf.xlsm
2019-04-29 23:56:19,804 DEBUG j.d.c.p.e.t.CreateSXSSFWorkbookReportJobTasklet [restartedMain] #### END   CreateSXSSFWorkbookReportJobTasklet ####
2019-04-29 23:56:19,809 INFO j.d.c.p.e.l.JobListener [restartedMain] StopWatch 'idExcelReports': running time (millis) = 6080
-----------------------------------------
ms     %     Task name
-----------------------------------------
06080  100%  

2019-04-29 23:57:27,843 DEBUG j.d.c.p.e.SimplePoiReport [main] ### START SimplePoiReport ###
2019-04-29 23:57:27,956 DEBUG j.d.c.p.e.SimplePoiReport [restartedMain] ### START SimplePoiReport ###
2019-04-29 23:57:28,388 INFO j.d.c.p.e.SimplePoiReport [restartedMain] Starting SimplePoiReport on DESKTOP-S7E5EAQ with PID 7252 (C:\Users\t-tak\IdeaProjects\excelrepots\build\classes\java\main started by t-tak in C:\Users\t-tak\IdeaProjects\excelrepots)
2019-04-29 23:57:28,389 DEBUG j.d.c.p.e.SimplePoiReport [restartedMain] Running with Spring Boot v2.1.4.RELEASE, Spring v5.1.6.RELEASE
2019-04-29 23:57:28,390 INFO j.d.c.p.e.SimplePoiReport [restartedMain] No active profile set, falling back to default profiles: default
2019-04-29 23:57:29,308 WARN o.s.b.c.c.a.DefaultBatchConfigurer [restartedMain] No datasource was provided...using a Map based JobRepository
2019-04-29 23:57:29,308 WARN o.s.b.c.c.a.DefaultBatchConfigurer [restartedMain] No transaction manager was provided, using a ResourcelessTransactionManager
2019-04-29 23:57:29,692 INFO j.d.c.p.e.SimplePoiReport [restartedMain] Started SimplePoiReport in 1.724 seconds (JVM running for 3.029)
2019-04-29 23:57:29,746 DEBUG j.d.c.p.e.t.CreateSXSSFWorkbookReportJobTasklet [restartedMain] #### START CreateSXSSFWorkbookReportJobTasklet ####
2019-04-29 23:57:29,747 DEBUG j.d.c.p.e.t.CreateSXSSFWorkbookReportJobTasklet [restartedMain] #### template file = template\template.xlsm
2019-04-29 23:57:30,775 DEBUG j.d.c.p.e.t.CreateSXSSFWorkbookReportJobTasklet [restartedMain] #### SXSSFWorkbook = org.apache.poi.xssf.streaming.SXSSFWorkbook@703dfe2f
2019-04-29 23:57:30,775 DEBUG j.d.c.p.e.t.CreateSXSSFWorkbookReportJobTasklet [restartedMain] #### getLastRowNum : 0
2019-04-29 23:57:33,268 DEBUG j.d.c.p.e.t.CreateSXSSFWorkbookReportJobTasklet [restartedMain] #### write wookbook start
2019-04-29 23:57:35,514 DEBUG j.d.c.p.e.t.CreateSXSSFWorkbookReportJobTasklet [restartedMain] #### write wookbook end   = result\sxssf.xlsm
2019-04-29 23:57:35,556 DEBUG j.d.c.p.e.t.CreateSXSSFWorkbookReportJobTasklet [restartedMain] #### END   CreateSXSSFWorkbookReportJobTasklet ####
2019-04-29 23:57:35,561 INFO j.d.c.p.e.l.JobListener [restartedMain] StopWatch 'idExcelReports': running time (millis) = 5835
-----------------------------------------
ms     %     Task name
-----------------------------------------
05835  100%  

2019-04-30 00:00:05,653 DEBUG j.d.c.p.e.SimplePoiReport [main] ### START SimplePoiReport ###
2019-04-30 00:00:05,754 DEBUG j.d.c.p.e.SimplePoiReport [restartedMain] ### START SimplePoiReport ###
2019-04-30 00:00:06,152 INFO j.d.c.p.e.SimplePoiReport [restartedMain] Starting SimplePoiReport on DESKTOP-S7E5EAQ with PID 6752 (C:\Users\t-tak\IdeaProjects\excelrepots\build\classes\java\main started by t-tak in C:\Users\t-tak\IdeaProjects\excelrepots)
2019-04-30 00:00:06,153 DEBUG j.d.c.p.e.SimplePoiReport [restartedMain] Running with Spring Boot v2.1.4.RELEASE, Spring v5.1.6.RELEASE
2019-04-30 00:00:06,154 INFO j.d.c.p.e.SimplePoiReport [restartedMain] No active profile set, falling back to default profiles: default
2019-04-30 00:00:06,891 WARN o.s.b.c.c.a.DefaultBatchConfigurer [restartedMain] No datasource was provided...using a Map based JobRepository
2019-04-30 00:00:06,892 WARN o.s.b.c.c.a.DefaultBatchConfigurer [restartedMain] No transaction manager was provided, using a ResourcelessTransactionManager
2019-04-30 00:00:07,203 INFO j.d.c.p.e.SimplePoiReport [restartedMain] Started SimplePoiReport in 1.435 seconds (JVM running for 2.59)
2019-04-30 00:00:07,310 DEBUG j.d.c.p.e.t.CreateSXSSFWorkbookReportJobTasklet [restartedMain] #### START CreateSXSSFWorkbookReportJobTasklet ####
2019-04-30 00:00:07,310 DEBUG j.d.c.p.e.t.CreateSXSSFWorkbookReportJobTasklet [restartedMain] #### template file = template\template.xlsm
2019-04-30 00:00:08,436 DEBUG j.d.c.p.e.t.CreateSXSSFWorkbookReportJobTasklet [restartedMain] #### SXSSFWorkbook = org.apache.poi.xssf.streaming.SXSSFWorkbook@50ff2497
2019-04-30 00:00:08,436 DEBUG j.d.c.p.e.t.CreateSXSSFWorkbookReportJobTasklet [restartedMain] #### getLastRowNum : 0
2019-04-30 00:00:15,296 DEBUG j.d.c.p.e.t.CreateSXSSFWorkbookReportJobTasklet [restartedMain] #### write wookbook start
2019-04-30 00:00:21,817 DEBUG j.d.c.p.e.t.CreateSXSSFWorkbookReportJobTasklet [restartedMain] #### write wookbook end   = result\sxssf.xlsm
2019-04-30 00:00:21,892 DEBUG j.d.c.p.e.t.CreateSXSSFWorkbookReportJobTasklet [restartedMain] #### END   CreateSXSSFWorkbookReportJobTasklet ####
2019-04-30 00:00:21,897 INFO j.d.c.p.e.l.JobListener [restartedMain] StopWatch 'idExcelReports': running time (millis) = 14631
-----------------------------------------
ms     %     Task name
-----------------------------------------
14631  100%  

2019-04-30 00:00:57,785 DEBUG j.d.c.p.e.SimplePoiReport [main] ### START SimplePoiReport ###
2019-04-30 00:00:57,890 DEBUG j.d.c.p.e.SimplePoiReport [restartedMain] ### START SimplePoiReport ###
2019-04-30 00:00:58,332 INFO j.d.c.p.e.SimplePoiReport [restartedMain] Starting SimplePoiReport on DESKTOP-S7E5EAQ with PID 15960 (C:\Users\t-tak\IdeaProjects\excelrepots\build\classes\java\main started by t-tak in C:\Users\t-tak\IdeaProjects\excelrepots)
2019-04-30 00:00:58,333 DEBUG j.d.c.p.e.SimplePoiReport [restartedMain] Running with Spring Boot v2.1.4.RELEASE, Spring v5.1.6.RELEASE
2019-04-30 00:00:58,334 INFO j.d.c.p.e.SimplePoiReport [restartedMain] No active profile set, falling back to default profiles: default
2019-04-30 00:00:59,269 WARN o.s.b.c.c.a.DefaultBatchConfigurer [restartedMain] No datasource was provided...using a Map based JobRepository
2019-04-30 00:00:59,269 WARN o.s.b.c.c.a.DefaultBatchConfigurer [restartedMain] No transaction manager was provided, using a ResourcelessTransactionManager
2019-04-30 00:00:59,589 INFO j.d.c.p.e.SimplePoiReport [restartedMain] Started SimplePoiReport in 1.683 seconds (JVM running for 2.946)
2019-04-30 00:00:59,663 DEBUG j.d.c.p.e.t.CreateSXSSFWorkbookReportJobTasklet [restartedMain] #### START CreateSXSSFWorkbookReportJobTasklet ####
2019-04-30 00:00:59,663 DEBUG j.d.c.p.e.t.CreateSXSSFWorkbookReportJobTasklet [restartedMain] #### template file = template\template.xlsm
2019-04-30 00:01:00,676 DEBUG j.d.c.p.e.t.CreateSXSSFWorkbookReportJobTasklet [restartedMain] #### SXSSFWorkbook = org.apache.poi.xssf.streaming.SXSSFWorkbook@7c4c1217
2019-04-30 00:01:00,676 DEBUG j.d.c.p.e.t.CreateSXSSFWorkbookReportJobTasklet [restartedMain] #### getLastRowNum : 0
2019-04-30 00:01:07,416 DEBUG j.d.c.p.e.t.CreateSXSSFWorkbookReportJobTasklet [restartedMain] #### write wookbook start
2019-04-30 00:01:13,885 DEBUG j.d.c.p.e.t.CreateSXSSFWorkbookReportJobTasklet [restartedMain] #### write wookbook end   = result\sxssf.xlsm
2019-04-30 00:01:13,960 DEBUG j.d.c.p.e.t.CreateSXSSFWorkbookReportJobTasklet [restartedMain] #### END   CreateSXSSFWorkbookReportJobTasklet ####
2019-04-30 00:01:13,965 INFO j.d.c.p.e.l.JobListener [restartedMain] StopWatch 'idExcelReports': running time (millis) = 14325
-----------------------------------------
ms     %     Task name
-----------------------------------------
14325  100%  

2019-04-30 00:01:51,480 DEBUG j.d.c.p.e.SimplePoiReport [main] ### START SimplePoiReport ###
2019-04-30 00:01:51,592 DEBUG j.d.c.p.e.SimplePoiReport [restartedMain] ### START SimplePoiReport ###
2019-04-30 00:01:51,997 INFO j.d.c.p.e.SimplePoiReport [restartedMain] Starting SimplePoiReport on DESKTOP-S7E5EAQ with PID 15776 (C:\Users\t-tak\IdeaProjects\excelrepots\build\classes\java\main started by t-tak in C:\Users\t-tak\IdeaProjects\excelrepots)
2019-04-30 00:01:51,997 DEBUG j.d.c.p.e.SimplePoiReport [restartedMain] Running with Spring Boot v2.1.4.RELEASE, Spring v5.1.6.RELEASE
2019-04-30 00:01:51,998 INFO j.d.c.p.e.SimplePoiReport [restartedMain] No active profile set, falling back to default profiles: default
2019-04-30 00:01:52,724 WARN o.s.b.c.c.a.DefaultBatchConfigurer [restartedMain] No datasource was provided...using a Map based JobRepository
2019-04-30 00:01:52,725 WARN o.s.b.c.c.a.DefaultBatchConfigurer [restartedMain] No transaction manager was provided, using a ResourcelessTransactionManager
2019-04-30 00:01:53,002 INFO j.d.c.p.e.SimplePoiReport [restartedMain] Started SimplePoiReport in 1.396 seconds (JVM running for 2.694)
2019-04-30 00:01:53,097 DEBUG j.d.c.p.e.t.CreateSXSSFWorkbookReportJobTasklet [restartedMain] #### START CreateSXSSFWorkbookReportJobTasklet ####
2019-04-30 00:01:53,098 DEBUG j.d.c.p.e.t.CreateSXSSFWorkbookReportJobTasklet [restartedMain] #### template file = template\template.xlsm
2019-04-30 00:01:54,225 DEBUG j.d.c.p.e.t.CreateSXSSFWorkbookReportJobTasklet [restartedMain] #### SXSSFWorkbook = org.apache.poi.xssf.streaming.SXSSFWorkbook@7aaf43ec
2019-04-30 00:01:54,226 DEBUG j.d.c.p.e.t.CreateSXSSFWorkbookReportJobTasklet [restartedMain] #### getLastRowNum : 0
2019-04-30 00:02:01,105 DEBUG j.d.c.p.e.t.CreateSXSSFWorkbookReportJobTasklet [restartedMain] #### write wookbook start
2019-04-30 00:02:07,501 DEBUG j.d.c.p.e.t.CreateSXSSFWorkbookReportJobTasklet [restartedMain] #### write wookbook end   = result\sxssf.xlsm
2019-04-30 00:02:07,575 DEBUG j.d.c.p.e.t.CreateSXSSFWorkbookReportJobTasklet [restartedMain] #### END   CreateSXSSFWorkbookReportJobTasklet ####
2019-04-30 00:02:07,581 INFO j.d.c.p.e.l.JobListener [restartedMain] StopWatch 'idExcelReports': running time (millis) = 14506
-----------------------------------------
ms     %     Task name
-----------------------------------------
14506  100%  

2019-04-30 00:03:48,446 DEBUG j.d.c.p.e.SimplePoiReport [main] ### START SimplePoiReport ###
2019-04-30 00:03:48,561 DEBUG j.d.c.p.e.SimplePoiReport [restartedMain] ### START SimplePoiReport ###
2019-04-30 00:03:48,987 INFO j.d.c.p.e.SimplePoiReport [restartedMain] Starting SimplePoiReport on DESKTOP-S7E5EAQ with PID 18948 (C:\Users\t-tak\IdeaProjects\excelrepots\build\classes\java\main started by t-tak in C:\Users\t-tak\IdeaProjects\excelrepots)
2019-04-30 00:03:48,988 DEBUG j.d.c.p.e.SimplePoiReport [restartedMain] Running with Spring Boot v2.1.4.RELEASE, Spring v5.1.6.RELEASE
2019-04-30 00:03:48,989 INFO j.d.c.p.e.SimplePoiReport [restartedMain] No active profile set, falling back to default profiles: default
2019-04-30 00:03:49,883 WARN o.s.b.c.c.a.DefaultBatchConfigurer [restartedMain] No datasource was provided...using a Map based JobRepository
2019-04-30 00:03:49,883 WARN o.s.b.c.c.a.DefaultBatchConfigurer [restartedMain] No transaction manager was provided, using a ResourcelessTransactionManager
2019-04-30 00:03:50,158 INFO j.d.c.p.e.SimplePoiReport [restartedMain] Started SimplePoiReport in 1.583 seconds (JVM running for 2.866)
2019-04-30 00:03:50,227 DEBUG j.d.c.p.e.t.CreateSXSSFWorkbookReportJobTasklet [restartedMain] #### START CreateSXSSFWorkbookReportJobTasklet ####
2019-04-30 00:03:50,228 DEBUG j.d.c.p.e.t.CreateSXSSFWorkbookReportJobTasklet [restartedMain] #### template file = template\template.xlsm
2019-04-30 00:03:51,231 DEBUG j.d.c.p.e.t.CreateSXSSFWorkbookReportJobTasklet [restartedMain] #### SXSSFWorkbook = org.apache.poi.xssf.streaming.SXSSFWorkbook@2c4188b2
2019-04-30 00:03:51,232 DEBUG j.d.c.p.e.t.CreateSXSSFWorkbookReportJobTasklet [restartedMain] #### getLastRowNum : 0
2019-04-30 00:03:58,010 DEBUG j.d.c.p.e.t.CreateSXSSFWorkbookReportJobTasklet [restartedMain] #### write wookbook start
2019-04-30 00:04:04,442 DEBUG j.d.c.p.e.t.CreateSXSSFWorkbookReportJobTasklet [restartedMain] #### write wookbook end   = result\sxssf.xlsm
2019-04-30 00:04:04,512 DEBUG j.d.c.p.e.t.CreateSXSSFWorkbookReportJobTasklet [restartedMain] #### END   CreateSXSSFWorkbookReportJobTasklet ####
2019-04-30 00:04:04,517 INFO j.d.c.p.e.l.JobListener [restartedMain] StopWatch 'idExcelReports': running time (millis) = 14313
-----------------------------------------
ms     %     Task name
-----------------------------------------
14313  100%  

2019-04-30 00:04:37,780 DEBUG j.d.c.p.e.SimplePoiReport [main] ### START SimplePoiReport ###
2019-04-30 00:04:37,886 DEBUG j.d.c.p.e.SimplePoiReport [restartedMain] ### START SimplePoiReport ###
2019-04-30 00:04:38,282 INFO j.d.c.p.e.SimplePoiReport [restartedMain] Starting SimplePoiReport on DESKTOP-S7E5EAQ with PID 11608 (C:\Users\t-tak\IdeaProjects\excelrepots\build\classes\java\main started by t-tak in C:\Users\t-tak\IdeaProjects\excelrepots)
2019-04-30 00:04:38,283 DEBUG j.d.c.p.e.SimplePoiReport [restartedMain] Running with Spring Boot v2.1.4.RELEASE, Spring v5.1.6.RELEASE
2019-04-30 00:04:38,284 INFO j.d.c.p.e.SimplePoiReport [restartedMain] No active profile set, falling back to default profiles: default
2019-04-30 00:04:39,016 WARN o.s.b.c.c.a.DefaultBatchConfigurer [restartedMain] No datasource was provided...using a Map based JobRepository
2019-04-30 00:04:39,017 WARN o.s.b.c.c.a.DefaultBatchConfigurer [restartedMain] No transaction manager was provided, using a ResourcelessTransactionManager
2019-04-30 00:04:39,300 INFO j.d.c.p.e.SimplePoiReport [restartedMain] Started SimplePoiReport in 1.401 seconds (JVM running for 2.669)
2019-04-30 00:04:39,380 DEBUG j.d.c.p.e.t.CreateSXSSFWorkbookReportJobTasklet [restartedMain] #### START CreateSXSSFWorkbookReportJobTasklet ####
2019-04-30 00:04:39,381 DEBUG j.d.c.p.e.t.CreateSXSSFWorkbookReportJobTasklet [restartedMain] #### template file = template\template.xlsm
2019-04-30 00:04:40,561 DEBUG j.d.c.p.e.t.CreateSXSSFWorkbookReportJobTasklet [restartedMain] #### SXSSFWorkbook = org.apache.poi.xssf.streaming.SXSSFWorkbook@7f10adaa
2019-04-30 00:04:40,561 DEBUG j.d.c.p.e.t.CreateSXSSFWorkbookReportJobTasklet [restartedMain] #### getLastRowNum : 0
2019-04-30 00:04:47,577 DEBUG j.d.c.p.e.t.CreateSXSSFWorkbookReportJobTasklet [restartedMain] #### write wookbook start
2019-04-30 00:04:53,983 DEBUG j.d.c.p.e.t.CreateSXSSFWorkbookReportJobTasklet [restartedMain] #### write wookbook end   = result\sxssf.xlsm
2019-04-30 00:04:54,055 DEBUG j.d.c.p.e.t.CreateSXSSFWorkbookReportJobTasklet [restartedMain] #### END   CreateSXSSFWorkbookReportJobTasklet ####
2019-04-30 00:04:54,059 INFO j.d.c.p.e.l.JobListener [restartedMain] StopWatch 'idExcelReports': running time (millis) = 14701
-----------------------------------------
ms     %     Task name
-----------------------------------------
14701  100%  


